Using pre-set license
Built from '2020.3/staging' branch; Version is '2020.3.9f1 (108be757e447) revision 1084391'; Using compiler version '192528614'; Build Type 'Release'
OS: 'Windows 10 Home Single Language; OS build 19043.1052; Version 2009; 64bit' Language: 'en' Physical Memory: 7990 MB
BatchMode: 1, IsHumanControllingUs: 0, StartBugReporterOnCrash: 0, Is64bit: 1, IsPro: 0

 COMMAND LINE ARGUMENTS:
C:\Program Files\Unity\Hub\Editor\2020.3.9f1\Editor\Unity.exe
-adb2
-batchMode
-noUpm
-name
AssetImportWorker0
-projectPath
C:/Users/ASUS/Project GDC
-logFile
Logs/AssetImportWorker0.log
-srvPort
65129
Successfully changed project path to: C:/Users/ASUS/Project GDC
C:/Users/ASUS/Project GDC
Using Asset Import Pipeline V2.
Refreshing native plugins compatible for Editor in 69.29 ms, found 1 plugins.
Preloading 0 native plugins for Editor in 0.00 ms.
Initialize engine version: 2020.3.9f1 (108be757e447)
[Subsystems] Discovering subsystems at path C:/Program Files/Unity/Hub/Editor/2020.3.9f1/Editor/Data/Resources/UnitySubsystems
[Subsystems] Discovering subsystems at path C:/Users/ASUS/Project GDC/Assets
GfxDevice: creating device client; threaded=0
Direct3D:
    Version:  Direct3D 11.0 [level 11.1]
    Renderer: NVIDIA GeForce MX350 (ID=0x1c94)
    Vendor:   
    VRAM:     1979 MB
    Driver:   27.21.14.6231
Initialize mono
Mono path[0] = 'C:/Program Files/Unity/Hub/Editor/2020.3.9f1/Editor/Data/Managed'
Mono path[1] = 'C:/Program Files/Unity/Hub/Editor/2020.3.9f1/Editor/Data/MonoBleedingEdge/lib/mono/unityjit'
Mono config path = 'C:/Program Files/Unity/Hub/Editor/2020.3.9f1/Editor/Data/MonoBleedingEdge/etc'
Using monoOptions --debugger-agent=transport=dt_socket,embedding=1,server=y,suspend=n,address=127.0.0.1:56572
Begin MonoManager ReloadAssembly
Registering precompiled unity dll's ...
Register platform support module: C:/Program Files/Unity/Hub/Editor/2020.3.9f1/Editor/Data/PlaybackEngines/WindowsStandaloneSupport/UnityEditor.WindowsStandalone.Extensions.dll
Registered in 0.004438 seconds.
Native extension for WindowsStandalone target not found
Refreshing native plugins compatible for Editor in 91.91 ms, found 1 plugins.
Preloading 0 native plugins for Editor in 0.00 ms.
Mono: successfully reloaded assembly
- Completed reload, in  9.109 seconds
Platform modules already initialized, skipping
Registering precompiled user dll's ...
Registered in 0.001808 seconds.
Begin MonoManager ReloadAssembly
Native extension for WindowsStandalone target not found
Refreshing native plugins compatible for Editor in 62.41 ms, found 1 plugins.
Preloading 0 native plugins for Editor in 0.00 ms.
Mono: successfully reloaded assembly
- Completed reload, in  2.040 seconds
Platform modules already initialized, skipping
========================================================================
Worker process is ready to serve import requests
Launched and connected shader compiler UnityShaderCompiler.exe after 0.07 seconds
Refreshing native plugins compatible for Editor in 0.71 ms, found 1 plugins.
Preloading 0 native plugins for Editor in 0.00 ms.
Unloading 1810 Unused Serialized files (Serialized files now loaded: 0)
System memory in use before: 85.1 MB.
System memory in use after: 85.1 MB.

Unloading 24 unused Assets to reduce memory usage. Loaded Objects now: 2253.
Total: 4.364100 ms (FindLiveObjects: 0.399600 ms CreateObjectMapping: 0.181300 ms MarkObjects: 3.572900 ms  DeleteObjects: 0.208200 ms)

========================================================================
Received Import Request.
  path: Assets/Script/playerMovement.cs
  artifactKey: Guid(3ae8d5cc793ed1248b90cf7e30156209) Importer(815301076,1909f56bfc062723c751e8b465ee728b)
Start importing Assets/Script/playerMovement.cs using Guid(3ae8d5cc793ed1248b90cf7e30156209) Importer(815301076,1909f56bfc062723c751e8b465ee728b)  -> (artifact id: 'ae764080a8c63d1a25b9622d233eca4b') in 0.192361 seconds
  Import took 0.258418 seconds .

========================================================================
Received Import Request.
  Time since last request: 294.813791 seconds.
  path: Assets/Script/playerMovement.cs
  artifactKey: Guid(3ae8d5cc793ed1248b90cf7e30156209) Importer(815301076,1909f56bfc062723c751e8b465ee728b)
Start importing Assets/Script/playerMovement.cs using Guid(3ae8d5cc793ed1248b90cf7e30156209) Importer(815301076,1909f56bfc062723c751e8b465ee728b)  -> (artifact id: '00000000000000000000000000000000') in 0.000706 seconds
  ERROR: Build asset version error: assets/script/playermovement.cs in SourceAssetDB has modification time of '2021-06-16T12:51:57.4693324Z' while content on disk has modification time of '2021-06-16T12:51:57.6269114Z'
  Import took 0.006304 seconds .

========================================================================
Received Import Request.
  Time since last request: 0.075568 seconds.
  path: Assets/Script/playerMovement.cs
  artifactKey: Guid(3ae8d5cc793ed1248b90cf7e30156209) Importer(815301076,1909f56bfc062723c751e8b465ee728b)
Start importing Assets/Script/playerMovement.cs using Guid(3ae8d5cc793ed1248b90cf7e30156209) Importer(815301076,1909f56bfc062723c751e8b465ee728b)  -> (artifact id: '00000000000000000000000000000000') in 0.000588 seconds
  ERROR: Build asset version error: assets/script/playermovement.cs in SourceAssetDB has modification time of '2021-06-16T12:51:57.4693324Z' while content on disk has modification time of '2021-06-16T12:51:57.6269114Z'
  Import took 0.006818 seconds .

========================================================================
Received Import Request.
  Time since last request: 0.066511 seconds.
  path: Assets/Script/playerMovement.cs
  artifactKey: Guid(3ae8d5cc793ed1248b90cf7e30156209) Importer(815301076,1909f56bfc062723c751e8b465ee728b)
Start importing Assets/Script/playerMovement.cs using Guid(3ae8d5cc793ed1248b90cf7e30156209) Importer(815301076,1909f56bfc062723c751e8b465ee728b)  -> (artifact id: '7b3a66f833354dbc16bd01d2802e79a0') in 0.027830 seconds
  Import took 0.034135 seconds .

========================================================================
Received Prepare
Registering precompiled user dll's ...
Registered in 0.001166 seconds.
Begin MonoManager ReloadAssembly
Native extension for WindowsStandalone target not found
Refreshing native plugins compatible for Editor in 0.46 ms, found 1 plugins.
Preloading 0 native plugins for Editor in 0.00 ms.
Mono: successfully reloaded assembly
- Completed reload, in  1.464 seconds
Platform modules already initialized, skipping
Refreshing native plugins compatible for Editor in 0.56 ms, found 1 plugins.
Preloading 0 native plugins for Editor in 0.00 ms.
Unloading 1805 Unused Serialized files (Serialized files now loaded: 0)
System memory in use before: 85.1 MB.
System memory in use after: 85.1 MB.

Unloading 12 unused Assets to reduce memory usage. Loaded Objects now: 2257.
Total: 2.256400 ms (FindLiveObjects: 0.194100 ms CreateObjectMapping: 0.078300 ms MarkObjects: 1.866100 ms  DeleteObjects: 0.116900 ms)

========================================================================
Received Prepare
Registering precompiled user dll's ...
Registered in 0.001731 seconds.
Begin MonoManager ReloadAssembly
Native extension for WindowsStandalone target not found
Refreshing native plugins compatible for Editor in 0.46 ms, found 1 plugins.
Preloading 0 native plugins for Editor in 0.00 ms.
Mono: successfully reloaded assembly
- Completed reload, in  1.412 seconds
Platform modules already initialized, skipping
Refreshing native plugins compatible for Editor in 0.73 ms, found 1 plugins.
Preloading 0 native plugins for Editor in 0.00 ms.
Unloading 1805 Unused Serialized files (Serialized files now loaded: 0)
System memory in use before: 85.1 MB.
System memory in use after: 85.1 MB.

Unloading 12 unused Assets to reduce memory usage. Loaded Objects now: 2261.
Total: 2.519700 ms (FindLiveObjects: 0.317100 ms CreateObjectMapping: 0.116200 ms MarkObjects: 1.958400 ms  DeleteObjects: 0.126900 ms)

========================================================================
Received Prepare
Registering precompiled user dll's ...
Registered in 0.003578 seconds.
Begin MonoManager ReloadAssembly
Native extension for WindowsStandalone target not found
Refreshing native plugins compatible for Editor in 0.87 ms, found 1 plugins.
Preloading 0 native plugins for Editor in 0.00 ms.
Mono: successfully reloaded assembly
- Completed reload, in  2.017 seconds
Platform modules already initialized, skipping
Refreshing native plugins compatible for Editor in 0.43 ms, found 1 plugins.
Preloading 0 native plugins for Editor in 0.00 ms.
Unloading 1805 Unused Serialized files (Serialized files now loaded: 0)
System memory in use before: 85.1 MB.
System memory in use after: 85.1 MB.

Unloading 12 unused Assets to reduce memory usage. Loaded Objects now: 2265.
Total: 4.902100 ms (FindLiveObjects: 0.520100 ms CreateObjectMapping: 0.178600 ms MarkObjects: 4.014900 ms  DeleteObjects: 0.186000 ms)

========================================================================
Received Prepare
Registering precompiled user dll's ...
Registered in 0.002038 seconds.
Begin MonoManager ReloadAssembly
Native extension for WindowsStandalone target not found
Refreshing native plugins compatible for Editor in 0.56 ms, found 1 plugins.
Preloading 0 native plugins for Editor in 0.00 ms.
Mono: successfully reloaded assembly
- Completed reload, in  2.919 seconds
Platform modules already initialized, skipping
Refreshing native plugins compatible for Editor in 0.93 ms, found 1 plugins.
Preloading 0 native plugins for Editor in 0.00 ms.
Unloading 1805 Unused Serialized files (Serialized files now loaded: 0)
System memory in use before: 85.2 MB.
System memory in use after: 85.1 MB.

Unloading 12 unused Assets to reduce memory usage. Loaded Objects now: 2269.
Total: 3.014600 ms (FindLiveObjects: 0.356300 ms CreateObjectMapping: 0.128400 ms MarkObjects: 2.378600 ms  DeleteObjects: 0.149900 ms)

AssetImportWorkerClient::OnTransportError - code=2 error=End of file
